2025-03-05 19:02:08,470 - INFO - Loaded stylesheet: /home/dataset/Documents/ren_ws/wlpd_dataset/sbpd-dataset-pipeline/labelling-tool/resources/styles.qss
2025-03-05 19:02:08,515 - INFO - Found 1 video files in /home/dataset/Documents/ren_ws/wlpd_dataset/sbpd-dataset-pipeline/labelling-tool/resources/videos
2025-03-05 19:02:08,515 - INFO - Loaded rewind icon: /home/dataset/Documents/ren_ws/wlpd_dataset/sbpd-dataset-pipeline/labelling-tool/resources/icons/rewind/rewind-60.png
2025-03-05 19:02:08,519 - INFO - Loaded play icon: /home/dataset/Documents/ren_ws/wlpd_dataset/sbpd-dataset-pipeline/labelling-tool/resources/icons/play/play-60.png
2025-03-05 19:02:08,519 - INFO - Loaded stop icon: /home/dataset/Documents/ren_ws/wlpd_dataset/sbpd-dataset-pipeline/labelling-tool/resources/icons/stop/stop-60.png
2025-03-05 19:02:08,519 - INFO - Loaded fast-forward icon: /home/dataset/Documents/ren_ws/wlpd_dataset/sbpd-dataset-pipeline/labelling-tool/resources/icons/fast-forward/forward-60.png
2025-03-05 19:02:12,999 - INFO - User selected video file: /home/dataset/Documents/ren_ws/wlpd_dataset/sbpd-dataset-pipeline/labelling-tool/resources/videos/example_small_data.avi
2025-03-05 19:02:12,999 - INFO - Loading video: /home/dataset/Documents/ren_ws/wlpd_dataset/sbpd-dataset-pipeline/labelling-tool/resources/videos/example_small_data.avi (Size: 69.60 MB)
2025-03-05 19:02:13,003 - INFO - Video Loaded: /home/dataset/Documents/ren_ws/wlpd_dataset/sbpd-dataset-pipeline/labelling-tool/resources/videos/example_small_data.avi | FPS: 30 | Resolution: 1280x1024 | Total Frames: 751
2025-03-05 19:02:30,021 - INFO - Break button was pushed.
2025-03-05 19:02:31,566 - INFO - Click a trajectory or input trajectory ID.
2025-03-05 19:02:33,302 - INFO - Mapped pixel coordinates: (x = 909, y = 400)
2025-03-05 19:02:33,303 - INFO - Matched trajectory 1 at offset (-1, -10)
2025-03-05 19:02:33,304 - INFO - Selected trajectory ID: 1
2025-03-05 19:02:33,307 - INFO - Highlighting trajectory 1
2025-03-05 19:02:35,681 - INFO - Highlighting trajectory 1
2025-03-05 19:02:36,097 - INFO - Selecting trajectories was done.
2025-03-05 19:02:36,111 - INFO - Trajectory 1 was divided.
2025-03-05 19:02:36,111 - INFO - 1 - 418 -> ID: 1
2025-03-05 19:02:36,111 - INFO - 419 - 584 -> ID: 8
